0 silly argv {
0 silly argv   _: [ 'add' ],
0 silly argv   dev: true,
0 silly argv   D: true,
0 silly argv   scope: 'local-client',
0 silly argv   globs: [],
0 silly argv   lernaVersion: '3.22.1',
0 silly argv   '$0': 'lerna',
0 silly argv   pkg: 'typescript'
0 silly argv }
1 notice cli v3.22.1
2 verbose rootPath /home/tomas/Projects/jbook
3 notice filter including "local-client"
4 info filter [ 'local-client' ]
5 error TypeError: Cannot read properties of undefined (reading 'split')
5 error     at Minimatch.match (/usr/lib/node_modules/lerna/node_modules/minimatch/minimatch.js:717:9)
5 error     at /usr/lib/node_modules/lerna/node_modules/minimatch/minimatch.js:691:15
5 error     at Array.filter (<anonymous>)
5 error     at Function.minimatch.match (/usr/lib/node_modules/lerna/node_modules/minimatch/minimatch.js:690:15)
5 error     at /usr/lib/node_modules/lerna/node_modules/multimatch/index.js:23:33
5 error     at Array.reduce (<anonymous>)
5 error     at module.exports (/usr/lib/node_modules/lerna/node_modules/multimatch/index.js:15:18)
5 error     at filterPackages (/usr/lib/node_modules/lerna/node_modules/@lerna/filter-packages/filter-packages.js:45:28)
